Compiling the C compiler identification source file "CMakeCCompilerId.c" failed.
Compiler: /ihome/crc/install/intel/2017.1.132/impi/2017.1.132/intel64/bin/mpiicc 
Build flags: 
Id flags: 

The output was:
1
ld: cannot find -lstdc++


Compiling the CXX compiler identification source file "CMakeCXXCompilerId.cpp" failed.
Compiler: /ihome/crc/install/intel/2017.1.132/impi/2017.1.132/intel64/bin/mpiicc 
Build flags: 
Id flags: 

The output was:
1
ld: cannot find -lstdc++
ld: cannot find -lstdc++


Determining if the C compiler works failed with the following output:
Change Dir: /ihome/kjordan/thc9/fermi/Development/smp_local/pisces/build/CMakeFiles/CMakeTmp

Run Build Command:"/usr/bin/gmake" "cmTC_2b928/fast"
/usr/bin/gmake -f CMakeFiles/cmTC_2b928.dir/build.make CMakeFiles/cmTC_2b928.dir/build
gmake[1]: Entering directory `/ihome/kjordan/thc9/fermi/Development/smp_local/pisces/build/CMakeFiles/CMakeTmp'
Building C object CMakeFiles/cmTC_2b928.dir/testCCompiler.c.o
/ihome/crc/install/intel/2017.1.132/impi/2017.1.132/intel64/bin/mpiicc     -o CMakeFiles/cmTC_2b928.dir/testCCompiler.c.o   -c /ihome/kjordan/thc9/fermi/Development/smp_local/pisces/build/CMakeFiles/CMakeTmp/testCCompiler.c
Linking C executable cmTC_2b928
/ihome/crc/install/cmake/3.7.1/bin/cmake -E cmake_link_script CMakeFiles/cmTC_2b928.dir/link.txt --verbose=1
/ihome/crc/install/intel/2017.1.132/impi/2017.1.132/intel64/bin/mpiicc       CMakeFiles/cmTC_2b928.dir/testCCompiler.c.o  -o cmTC_2b928 -rdynamic 
ld: cannot find -lstdc++
gmake[1]: *** [cmTC_2b928] Error 1
gmake[1]: Leaving directory `/ihome/kjordan/thc9/fermi/Development/smp_local/pisces/build/CMakeFiles/CMakeTmp'
gmake: *** [cmTC_2b928/fast] Error 2


Compiling the C compiler identification source file "CMakeCCompilerId.c" failed.
Compiler: /ihome/crc/install/intel/2017.1.132/impi/2017.1.132/intel64/bin/mpiicc 
Build flags: 
Id flags: 

The output was:
1
ld: cannot find -lstdc++


Compiling the CXX compiler identification source file "CMakeCXXCompilerId.cpp" failed.
Compiler: /ihome/crc/install/intel/2017.1.132/impi/2017.1.132/intel64/bin/mpiicc 
Build flags: 
Id flags: 

The output was:
1
ld: cannot find -lstdc++
ld: cannot find -lstdc++


Determining if the C compiler works failed with the following output:
Change Dir: /ihome/kjordan/thc9/fermi/Development/smp_local/pisces/build/CMakeFiles/CMakeTmp

Run Build Command:"/usr/bin/gmake" "cmTC_82d65/fast"
/usr/bin/gmake -f CMakeFiles/cmTC_82d65.dir/build.make CMakeFiles/cmTC_82d65.dir/build
gmake[1]: Entering directory `/ihome/kjordan/thc9/fermi/Development/smp_local/pisces/build/CMakeFiles/CMakeTmp'
Building C object CMakeFiles/cmTC_82d65.dir/testCCompiler.c.o
/ihome/crc/install/intel/2017.1.132/impi/2017.1.132/intel64/bin/mpiicc     -o CMakeFiles/cmTC_82d65.dir/testCCompiler.c.o   -c /ihome/kjordan/thc9/fermi/Development/smp_local/pisces/build/CMakeFiles/CMakeTmp/testCCompiler.c
Linking C executable cmTC_82d65
/ihome/crc/install/cmake/3.7.1/bin/cmake -E cmake_link_script CMakeFiles/cmTC_82d65.dir/link.txt --verbose=1
/ihome/crc/install/intel/2017.1.132/impi/2017.1.132/intel64/bin/mpiicc       CMakeFiles/cmTC_82d65.dir/testCCompiler.c.o  -o cmTC_82d65 -rdynamic 
ld: cannot find -lstdc++
gmake[1]: *** [cmTC_82d65] Error 1
gmake[1]: Leaving directory `/ihome/kjordan/thc9/fermi/Development/smp_local/pisces/build/CMakeFiles/CMakeTmp'
gmake: *** [cmTC_82d65/fast] Error 2


