Determining if the pthread_create exist failed with the following output:
Change Dir: /ihome/kjordan/thc9/fermi/Development/smp_local/pisces/build/CMakeFiles/CMakeTmp

Run Build Command:"/usr/bin/gmake" "cmTC_b0dbd/fast"
/usr/bin/gmake -f CMakeFiles/cmTC_b0dbd.dir/build.make CMakeFiles/cmTC_b0dbd.dir/build
gmake[1]: Entering directory `/ihome/kjordan/thc9/fermi/Development/smp_local/pisces/build/CMakeFiles/CMakeTmp'
Building C object CMakeFiles/cmTC_b0dbd.dir/CheckSymbolExists.c.o
/ihome/crc/install/intel/2017.1.132/compilers_and_libraries_2017.1.132/linux/bin/intel64/icc     -o CMakeFiles/cmTC_b0dbd.dir/CheckSymbolExists.c.o   -c /ihome/kjordan/thc9/fermi/Development/smp_local/pisces/build/CMakeFiles/CMakeTmp/CheckSymbolExists.c
Linking C executable cmTC_b0dbd
/ihome/crc/install/cmake/3.7.1/bin/cmake -E cmake_link_script CMakeFiles/cmTC_b0dbd.dir/link.txt --verbose=1
/ihome/crc/install/intel/2017.1.132/compilers_and_libraries_2017.1.132/linux/bin/intel64/icc       CMakeFiles/cmTC_b0dbd.dir/CheckSymbolExists.c.o  -o cmTC_b0dbd -rdynamic 
CMakeFiles/cmTC_b0dbd.dir/CheckSymbolExists.c.o: In function `main':
CheckSymbolExists.c:(.text+0x23): undefined reference to `pthread_create'
gmake[1]: *** [cmTC_b0dbd] Error 1
gmake[1]: Leaving directory `/ihome/kjordan/thc9/fermi/Development/smp_local/pisces/build/CMakeFiles/CMakeTmp'
gmake: *** [cmTC_b0dbd/fast] Error 2

File /ihome/kjordan/thc9/fermi/Development/smp_local/pisces/build/CMakeFiles/CMakeTmp/CheckSymbolExists.c:
/* */
#include <pthread.h>

int main(int argc, char** argv)
{
  (void)argv;
#ifndef pthread_create
  return ((int*)(&pthread_create))[argc];
#else
  (void)argc;
  return 0;
#endif
}

Determining if the function pthread_create exists in the pthreads failed with the following output:
Change Dir: /ihome/kjordan/thc9/fermi/Development/smp_local/pisces/build/CMakeFiles/CMakeTmp

Run Build Command:"/usr/bin/gmake" "cmTC_fff99/fast"
/usr/bin/gmake -f CMakeFiles/cmTC_fff99.dir/build.make CMakeFiles/cmTC_fff99.dir/build
gmake[1]: Entering directory `/ihome/kjordan/thc9/fermi/Development/smp_local/pisces/build/CMakeFiles/CMakeTmp'
Building C object CMakeFiles/cmTC_fff99.dir/CheckFunctionExists.c.o
/ihome/crc/install/intel/2017.1.132/compilers_and_libraries_2017.1.132/linux/bin/intel64/icc    -DCHECK_FUNCTION_EXISTS=pthread_create   -o CMakeFiles/cmTC_fff99.dir/CheckFunctionExists.c.o   -c /ihome/crc/install/cmake/3.7.1/share/cmake-3.7/Modules/CheckFunctionExists.c
Linking C executable cmTC_fff99
/ihome/crc/install/cmake/3.7.1/bin/cmake -E cmake_link_script CMakeFiles/cmTC_fff99.dir/link.txt --verbose=1
/ihome/crc/install/intel/2017.1.132/compilers_and_libraries_2017.1.132/linux/bin/intel64/icc   -DCHECK_FUNCTION_EXISTS=pthread_create    CMakeFiles/cmTC_fff99.dir/CheckFunctionExists.c.o  -o cmTC_fff99 -rdynamic -lpthreads 
ld: cannot find -lpthreads
gmake[1]: *** [cmTC_fff99] Error 1
gmake[1]: Leaving directory `/ihome/kjordan/thc9/fermi/Development/smp_local/pisces/build/CMakeFiles/CMakeTmp'
gmake: *** [cmTC_fff99/fast] Error 2


Determining if the Fortran sgemm exists failed with the following output:
Change Dir: /ihome/kjordan/thc9/fermi/Development/smp_local/pisces/build/CMakeFiles/CMakeTmp

Run Build Command:"/usr/bin/gmake" "cmTC_40106/fast"
gmake[1]: Entering directory `/ihome/kjordan/thc9/fermi/Development/smp_local/pisces/build/CMakeFiles/CMakeTmp'
/usr/bin/gmake -f CMakeFiles/cmTC_40106.dir/build.make CMakeFiles/cmTC_40106.dir/build
gmake[2]: Entering directory `/ihome/kjordan/thc9/fermi/Development/smp_local/pisces/build/CMakeFiles/CMakeTmp'
Building Fortran object CMakeFiles/cmTC_40106.dir/testFortranCompiler.f.o
/ihome/crc/install/intel/2017.1.132/compilers_and_libraries_2017.1.132/linux/bin/intel64/ifort     -c /ihome/kjordan/thc9/fermi/Development/smp_local/pisces/build/CMakeFiles/CMakeTmp/testFortranCompiler.f -o CMakeFiles/cmTC_40106.dir/testFortranCompiler.f.o
Linking Fortran executable cmTC_40106
/ihome/crc/install/cmake/3.7.1/bin/cmake -E cmake_link_script CMakeFiles/cmTC_40106.dir/link.txt --verbose=1
/ihome/crc/install/intel/2017.1.132/compilers_and_libraries_2017.1.132/linux/bin/intel64/ifort       CMakeFiles/cmTC_40106.dir/testFortranCompiler.f.o  -o cmTC_40106  /usr/lib64/libblas.a 
/usr/lib64/libblas.a(xerbla.o): In function `xerbla_':
xerbla.f:(.text+0x49): undefined reference to `_gfortran_st_write'
xerbla.f:(.text+0x54): undefined reference to `_gfortran_string_len_trim'
xerbla.f:(.text+0x69): undefined reference to `_gfortran_transfer_character_write'
xerbla.f:(.text+0x79): undefined reference to `_gfortran_transfer_integer_write'
xerbla.f:(.text+0x81): undefined reference to `_gfortran_st_write_done'
xerbla.f:(.text+0x8a): undefined reference to `_gfortran_stop_string'
gmake[2]: *** [cmTC_40106] Error 1
gmake[2]: Leaving directory `/ihome/kjordan/thc9/fermi/Development/smp_local/pisces/build/CMakeFiles/CMakeTmp'
gmake[1]: *** [cmTC_40106/fast] Error 2
gmake[1]: Leaving directory `/ihome/kjordan/thc9/fermi/Development/smp_local/pisces/build/CMakeFiles/CMakeTmp'


Determining if the Fortran cheev exists failed with the following output:
Change Dir: /ihome/kjordan/thc9/fermi/Development/smp_local/pisces/build/CMakeFiles/CMakeTmp

Run Build Command:"/usr/bin/gmake" "cmTC_e9b6b/fast"
gmake[1]: Entering directory `/ihome/kjordan/thc9/fermi/Development/smp_local/pisces/build/CMakeFiles/CMakeTmp'
/usr/bin/gmake -f CMakeFiles/cmTC_e9b6b.dir/build.make CMakeFiles/cmTC_e9b6b.dir/build
gmake[2]: Entering directory `/ihome/kjordan/thc9/fermi/Development/smp_local/pisces/build/CMakeFiles/CMakeTmp'
Building Fortran object CMakeFiles/cmTC_e9b6b.dir/testFortranCompiler.f.o
/ihome/crc/install/intel/2017.1.132/compilers_and_libraries_2017.1.132/linux/bin/intel64/ifort     -c /ihome/kjordan/thc9/fermi/Development/smp_local/pisces/build/CMakeFiles/CMakeTmp/testFortranCompiler.f -o CMakeFiles/cmTC_e9b6b.dir/testFortranCompiler.f.o
Linking Fortran executable cmTC_e9b6b
/ihome/crc/install/cmake/3.7.1/bin/cmake -E cmake_link_script CMakeFiles/cmTC_e9b6b.dir/link.txt --verbose=1
/ihome/crc/install/intel/2017.1.132/compilers_and_libraries_2017.1.132/linux/bin/intel64/ifort       CMakeFiles/cmTC_e9b6b.dir/testFortranCompiler.f.o  -o cmTC_e9b6b -Wl,-rpath,/ihome/crc/install/intel/2017.1.132/compilers_and_libraries_2017.1.132/linux/compiler/lib/intel64  /usr/lib64/liblapack.a -lmkl_intel_lp64 -lmkl_intel_thread -lmkl_core /ihome/crc/install/intel/2017.1.132/compilers_and_libraries_2017.1.132/linux/compiler/lib/intel64/libiomp5.so 
/usr/lib64/liblapack.a(xerbla.o): In function `xerbla_':
xerbla.f:(.text+0x49): undefined reference to `_gfortran_st_write'
xerbla.f:(.text+0x54): undefined reference to `_gfortran_string_len_trim'
xerbla.f:(.text+0x69): undefined reference to `_gfortran_transfer_character_write'
xerbla.f:(.text+0x79): undefined reference to `_gfortran_transfer_integer_write'
xerbla.f:(.text+0x81): undefined reference to `_gfortran_st_write_done'
xerbla.f:(.text+0x8a): undefined reference to `_gfortran_stop_string'
/usr/lib64/liblapack.a(iparam2stage.o): In function `iparam2stage_':
iparam2stage.F:(.text+0x1d7): undefined reference to `_gfortran_compare_string'
gmake[2]: *** [cmTC_e9b6b] Error 1
gmake[2]: Leaving directory `/ihome/kjordan/thc9/fermi/Development/smp_local/pisces/build/CMakeFiles/CMakeTmp'
gmake[1]: *** [cmTC_e9b6b/fast] Error 2
gmake[1]: Leaving directory `/ihome/kjordan/thc9/fermi/Development/smp_local/pisces/build/CMakeFiles/CMakeTmp'


