Determining if the pthread_create exist failed with the following output:
Change Dir: /ihome/kjordan/thc9/fermi/Development/smp_local/pisces/build/CMakeFiles/CMakeTmp

Run Build Command:"/usr/bin/gmake" "cmTC_fb6d5/fast"
/usr/bin/gmake -f CMakeFiles/cmTC_fb6d5.dir/build.make CMakeFiles/cmTC_fb6d5.dir/build
gmake[1]: Entering directory `/ihome/kjordan/thc9/fermi/Development/smp_local/pisces/build/CMakeFiles/CMakeTmp'
Building C object CMakeFiles/cmTC_fb6d5.dir/CheckSymbolExists.c.o
/ihome/crc/install/intel/2017.1.132/compilers_and_libraries_2017.1.132/linux/bin/intel64/icc     -o CMakeFiles/cmTC_fb6d5.dir/CheckSymbolExists.c.o   -c /ihome/kjordan/thc9/fermi/Development/smp_local/pisces/build/CMakeFiles/CMakeTmp/CheckSymbolExists.c
Linking C executable cmTC_fb6d5
/ihome/crc/install/cmake/3.7.1/bin/cmake -E cmake_link_script CMakeFiles/cmTC_fb6d5.dir/link.txt --verbose=1
/ihome/crc/install/intel/2017.1.132/compilers_and_libraries_2017.1.132/linux/bin/intel64/icc       CMakeFiles/cmTC_fb6d5.dir/CheckSymbolExists.c.o  -o cmTC_fb6d5 -rdynamic 
CMakeFiles/cmTC_fb6d5.dir/CheckSymbolExists.c.o: In function `main':
CheckSymbolExists.c:(.text+0x23): undefined reference to `pthread_create'
gmake[1]: *** [cmTC_fb6d5] Error 1
gmake[1]: Leaving directory `/ihome/kjordan/thc9/fermi/Development/smp_local/pisces/build/CMakeFiles/CMakeTmp'
gmake: *** [cmTC_fb6d5/fast] Error 2

File /ihome/kjordan/thc9/fermi/Development/smp_local/pisces/build/CMakeFiles/CMakeTmp/CheckSymbolExists.c:
/* */
#include <pthread.h>

int main(int argc, char** argv)
{
  (void)argv;
#ifndef pthread_create
  return ((int*)(&pthread_create))[argc];
#else
  (void)argc;
  return 0;
#endif
}

Determining if the function pthread_create exists in the pthreads failed with the following output:
Change Dir: /ihome/kjordan/thc9/fermi/Development/smp_local/pisces/build/CMakeFiles/CMakeTmp

Run Build Command:"/usr/bin/gmake" "cmTC_b33eb/fast"
/usr/bin/gmake -f CMakeFiles/cmTC_b33eb.dir/build.make CMakeFiles/cmTC_b33eb.dir/build
gmake[1]: Entering directory `/ihome/kjordan/thc9/fermi/Development/smp_local/pisces/build/CMakeFiles/CMakeTmp'
Building C object CMakeFiles/cmTC_b33eb.dir/CheckFunctionExists.c.o
/ihome/crc/install/intel/2017.1.132/compilers_and_libraries_2017.1.132/linux/bin/intel64/icc    -DCHECK_FUNCTION_EXISTS=pthread_create   -o CMakeFiles/cmTC_b33eb.dir/CheckFunctionExists.c.o   -c /ihome/crc/install/cmake/3.7.1/share/cmake-3.7/Modules/CheckFunctionExists.c
Linking C executable cmTC_b33eb
/ihome/crc/install/cmake/3.7.1/bin/cmake -E cmake_link_script CMakeFiles/cmTC_b33eb.dir/link.txt --verbose=1
/ihome/crc/install/intel/2017.1.132/compilers_and_libraries_2017.1.132/linux/bin/intel64/icc   -DCHECK_FUNCTION_EXISTS=pthread_create    CMakeFiles/cmTC_b33eb.dir/CheckFunctionExists.c.o  -o cmTC_b33eb -rdynamic -lpthreads 
ld: cannot find -lpthreads
gmake[1]: *** [cmTC_b33eb] Error 1
gmake[1]: Leaving directory `/ihome/kjordan/thc9/fermi/Development/smp_local/pisces/build/CMakeFiles/CMakeTmp'
gmake: *** [cmTC_b33eb/fast] Error 2


