The system is: Linux - 3.10.0-514.26.2.el7.x86_64 - x86_64
Compiling the C compiler identification source file "CMakeCCompilerId.c" succeeded.
Compiler: /usr/bin/cc 
Build flags: 
Id flags: 

The output was:
0


Compilation of the C compiler identification source "CMakeCCompilerId.c" produced "a.out"

The C compiler identification is GNU, found in "/ihome/kjordan/thc9/fermi/Development/smp_local/pisces/CMakeFiles/3.7.1/CompilerIdC/a.out"

Compiling the Fortran compiler identification source file "CMakeFortranCompilerId.F" succeeded.
Compiler: /usr/bin/gfortran 
Build flags: 
Id flags: -v

The output was:
0
Driving: /usr/bin/gfortran -v CMakeFortranCompilerId.F -l gfortran -l m -shared-libgcc
Using built-in specs.
COLLECT_GCC=/usr/bin/gfortran
COLLECT_LTO_WRAPPER=/usr/libexec/gcc/x86_64-redhat-linux/4.8.5/lto-wrapper
Target: x86_64-redhat-linux
Configured with: ../configure --prefix=/usr --mandir=/usr/share/man --infodir=/usr/share/info --with-bugurl=http://bugzilla.redhat.com/bugzilla --enable-bootstrap --enable-shared --enable-threads=posix --enable-checking=release --with-system-zlib --enable-__cxa_atexit --disable-libunwind-exceptions --enable-gnu-unique-object --enable-linker-build-id --with-linker-hash-style=gnu --enable-languages=c,c++,objc,obj-c++,java,fortran,ada,go,lto --enable-plugin --enable-initfini-array --disable-libgcj --with-isl=/builddir/build/BUILD/gcc-4.8.5-20150702/obj-x86_64-redhat-linux/isl-install --with-cloog=/builddir/build/BUILD/gcc-4.8.5-20150702/obj-x86_64-redhat-linux/cloog-install --enable-gnu-indirect-function --with-tune=generic --with-arch_32=x86-64 --build=x86_64-redhat-linux
Thread model: posix
gcc version 4.8.5 20150623 (Red Hat 4.8.5-16) (GCC) 
COLLECT_GCC_OPTIONS='-v' '-shared-libgcc' '-mtune=generic' '-march=x86-64'
 /usr/libexec/gcc/x86_64-redhat-linux/4.8.5/f951 CMakeFortranCompilerId.F -ffixed-form -cpp=/tmp/cc9lsQaQ.f90 -quiet -v CMakeFortranCompilerId.F -quiet -dumpbase CMakeFortranCompilerId.F -mtune=generic -march=x86-64 -auxbase CMakeFortranCompilerId -version -fintrinsic-modules-path /usr/lib/gcc/x86_64-redhat-linux/4.8.5/finclude -o /tmp/ccBUGwaj.s
GNU Fortran (GCC) version 4.8.5 20150623 (Red Hat 4.8.5-16) (x86_64-redhat-linux)
	compiled by GNU C version 4.8.5 20150623 (Red Hat 4.8.5-16), GMP version 6.0.0, MPFR version 3.1.1, MPC version 1.0.1
GGC heuristics: --param ggc-min-expand=100 --param ggc-min-heapsize=131072
ignoring nonexistent directory "/usr/lib/gcc/x86_64-redhat-linux/4.8.5/include-fixed"
ignoring nonexistent directory "/usr/lib/gcc/x86_64-redhat-linux/4.8.5/../../../../x86_64-redhat-linux/include"
ignoring duplicate directory "/ihome/crc/install/intel/2017.1.132/compilers_and_libraries_2017.1.132/linux/ipp/include"
ignoring duplicate directory "/ihome/crc/install/intel/2017.1.132/compilers_and_libraries_2017.1.132/linux/mkl/include"
ignoring duplicate directory "/ihome/crc/install/intel/2017.1.132/compilers_and_libraries_2017.1.132/linux/tbb/include"
ignoring duplicate directory "/ihome/crc/install/intel/2017.1.132/compilers_and_libraries_2017.1.132/linux/daal/include"
#include "..." search starts here:
#include <...> search starts here:
 /usr/lib/gcc/x86_64-redhat-linux/4.8.5/finclude
 /ihome/crc/install/intel-2017.1.132/intel-mpi-2017.1.132/fftw/3.3.5/include
 /ihome/crc/install/intel/2017.1.132/compilers_and_libraries_2017.1.132/linux/ipp/include
 /ihome/crc/install/intel/2017.1.132/compilers_and_libraries_2017.1.132/linux/mkl/include
 /ihome/crc/install/intel/2017.1.132/compilers_and_libraries_2017.1.132/linux/tbb/include
 /ihome/crc/install/intel/2017.1.132/compilers_and_libraries_2017.1.132/linux/daal/include
 /usr/lib/gcc/x86_64-redhat-linux/4.8.5/include
 /usr/local/include
 /usr/include
End of search list.
GNU Fortran (GCC) version 4.8.5 20150623 (Red Hat 4.8.5-16) (x86_64-redhat-linux)
	compiled by GNU C version 4.8.5 20150623 (Red Hat 4.8.5-16), GMP version 6.0.0, MPFR version 3.1.1, MPC version 1.0.1
GGC heuristics: --param ggc-min-expand=100 --param ggc-min-heapsize=131072
COLLECT_GCC_OPTIONS='-v' '-shared-libgcc' '-mtune=generic' '-march=x86-64'
 as -v --64 -o /tmp/ccvAYFnM.o /tmp/ccBUGwaj.s
GNU assembler version 2.25.1 (x86_64-redhat-linux) using BFD version version 2.25.1-32.base.el7_4.1 
Reading specs from /usr/lib/gcc/x86_64-redhat-linux/4.8.5/libgfortran.spec
rename spec lib to liborig
COLLECT_GCC_OPTIONS='-v' '-shared-libgcc' '-mtune=generic' '-march=x86-64'
COMPILER_PATH=/usr/libexec/gcc/x86_64-redhat-linux/4.8.5/:/usr/libexec/gcc/x86_64-redhat-linux/4.8.5/:/usr/libexec/gcc/x86_64-redhat-linux/:/usr/lib/gcc/x86_64-redhat-linux/4.8.5/:/usr/lib/gcc/x86_64-redhat-linux/
LIBRARY_PATH=/usr/lib/gcc/x86_64-redhat-linux/4.8.5/:/usr/lib/gcc/x86_64-redhat-linux/4.8.5/../../../../lib64/:/lib/../lib64/:/usr/lib/../lib64/:/ihome/crc/install/intel-2017.1.132/ARPACK/lib/:/ihome/crc/install/intel-2017.1.132/intel-mpi-2017.1.132/fftw/3.3.5/lib/:/ihome/crc/install/intel/2017.1.132/compilers_and_libraries_2017.1.132/linux/ipp/lib/intel64/:/ihome/crc/install/intel/2017.1.132/compilers_and_libraries_2017.1.132/linux/compiler/lib/intel64_lin/:/ihome/crc/install/intel/2017.1.132/compilers_and_libraries_2017.1.132/linux/mkl/lib/intel64_lin/:/ihome/crc/install/intel/2017.1.132/compilers_and_libraries_2017.1.132/linux/tbb/lib/intel64/gcc4.7/:/ihome/crc/install/intel/2017.1.132/compilers_and_libraries_2017.1.132/linux/daal/lib/intel64_lin/:/ihome/crc/install/intel/2017.1.132/compilers_and_libraries_2017.1.132/linux/ipp/lib/intel64/:/ihome/crc/install/intel/2017.1.132/compilers_and_libraries_2017.1.132/linux/compiler/lib/intel64_lin/:/ihome/crc/install/intel/2017.1.132/compilers_and_libraries_2017.1.132/linux/mkl/lib/intel64_lin/:/ihome/crc/install/intel/2017.1.132/compilers_and_libraries_2017.1.132/linux/tbb/lib/intel64/gcc4.7/:/ihome/crc/install/intel/2017.1.132/compilers_and_libraries_2017.1.132/linux/daal/lib/intel64_lin/:/ihome/crc/install/intel/2017.1.132/compilers_and_libraries_2017.1.132/linux/tbb/lib/intel64_lin/gcc4.4/:./:/ihome/kjordan/thc9/fermi/Development/ARPACK/lib/:/usr/lib/gcc/x86_64-redhat-linux/4.8.5/../../../:/lib/:/usr/lib/
COLLECT_GCC_OPTIONS='-v' '-shared-libgcc' '-mtune=generic' '-march=x86-64'
 /usr/libexec/gcc/x86_64-redhat-linux/4.8.5/collect2 --build-id --no-add-needed --eh-frame-hdr --hash-style=gnu -m elf_x86_64 -dynamic-linker /lib64/ld-linux-x86-64.so.2 /usr/lib/gcc/x86_64-redhat-linux/4.8.5/../../../../lib64/crt1.o /usr/lib/gcc/x86_64-redhat-linux/4.8.5/../../../../lib64/crti.o /usr/lib/gcc/x86_64-redhat-linux/4.8.5/crtbegin.o -L/usr/lib/gcc/x86_64-redhat-linux/4.8.5 -L/usr/lib/gcc/x86_64-redhat-linux/4.8.5/../../../../lib64 -L/lib/../lib64 -L/usr/lib/../lib64 -L/ihome/crc/install/intel-2017.1.132/ARPACK/lib -L/ihome/crc/install/intel-2017.1.132/intel-mpi-2017.1.132/fftw/3.3.5/lib -L/ihome/crc/install/intel/2017.1.132/compilers_and_libraries_2017.1.132/linux/ipp/lib/intel64 -L/ihome/crc/install/intel/2017.1.132/compilers_and_libraries_2017.1.132/linux/compiler/lib/intel64_lin -L/ihome/crc/install/intel/2017.1.132/compilers_and_libraries_2017.1.132/linux/mkl/lib/intel64_lin -L/ihome/crc/install/intel/2017.1.132/compilers_and_libraries_2017.1.132/linux/tbb/lib/intel64/gcc4.7 -L/ihome/crc/install/intel/2017.1.132/compilers_and_libraries_2017.1.132/linux/daal/lib/intel64_lin -L/ihome/crc/install/intel/2017.1.132/compilers_and_libraries_2017.1.132/linux/ipp/lib/intel64 -L/ihome/crc/install/intel/2017.1.132/compilers_and_libraries_2017.1.132/linux/compiler/lib/intel64_lin -L/ihome/crc/install/intel/2017.1.132/compilers_and_libraries_2017.1.132/linux/mkl/lib/intel64_lin -L/ihome/crc/install/intel/2017.1.132/compilers_and_libraries_2017.1.132/linux/tbb/lib/intel64/gcc4.7 -L/ihome/crc/install/intel/2017.1.132/compilers_and_libraries_2017.1.132/linux/daal/lib/intel64_lin -L/ihome/crc/install/intel/2017.1.132/compilers_and_libraries_2017.1.132/linux/tbb/lib/intel64_lin/gcc4.4 -L. -L/ihome/kjordan/thc9/fermi/Development/ARPACK/lib -L/usr/lib/gcc/x86_64-redhat-linux/4.8.5/../../.. /tmp/ccvAYFnM.o -lgfortran -lm -lgcc_s -lgcc -lquadmath -lm -lgcc_s -lgcc -lc -lgcc_s -lgcc /usr/lib/gcc/x86_64-redhat-linux/4.8.5/crtend.o /usr/lib/gcc/x86_64-redhat-linux/4.8.5/../../../../lib64/crtn.o


Compilation of the Fortran compiler identification source "CMakeFortranCompilerId.F" produced "a.out"

The Fortran compiler identification is GNU, found in "/ihome/kjordan/thc9/fermi/Development/smp_local/pisces/CMakeFiles/3.7.1/CompilerIdFortran/a.out"

Determining if the C compiler works passed with the following output:
Change Dir: /ihome/kjordan/thc9/fermi/Development/smp_local/pisces/CMakeFiles/CMakeTmp

Run Build Command:"/usr/bin/gmake" "cmTC_9b7b6/fast"
/usr/bin/gmake -f CMakeFiles/cmTC_9b7b6.dir/build.make CMakeFiles/cmTC_9b7b6.dir/build
gmake[1]: Entering directory `/ihome/kjordan/thc9/fermi/Development/smp_local/pisces/CMakeFiles/CMakeTmp'
Building C object CMakeFiles/cmTC_9b7b6.dir/testCCompiler.c.o
/usr/bin/cc     -o CMakeFiles/cmTC_9b7b6.dir/testCCompiler.c.o   -c /ihome/kjordan/thc9/fermi/Development/smp_local/pisces/CMakeFiles/CMakeTmp/testCCompiler.c
Linking C executable cmTC_9b7b6
/ihome/crc/install/cmake/3.7.1/bin/cmake -E cmake_link_script CMakeFiles/cmTC_9b7b6.dir/link.txt --verbose=1
/usr/bin/cc       CMakeFiles/cmTC_9b7b6.dir/testCCompiler.c.o  -o cmTC_9b7b6 -rdynamic 
gmake[1]: Leaving directory `/ihome/kjordan/thc9/fermi/Development/smp_local/pisces/CMakeFiles/CMakeTmp'


Detecting C compiler ABI info compiled with the following output:
Change Dir: /ihome/kjordan/thc9/fermi/Development/smp_local/pisces/CMakeFiles/CMakeTmp

Run Build Command:"/usr/bin/gmake" "cmTC_84665/fast"
/usr/bin/gmake -f CMakeFiles/cmTC_84665.dir/build.make CMakeFiles/cmTC_84665.dir/build
gmake[1]: Entering directory `/ihome/kjordan/thc9/fermi/Development/smp_local/pisces/CMakeFiles/CMakeTmp'
Building C object CMakeFiles/cmTC_84665.dir/CMakeCCompilerABI.c.o
/usr/bin/cc     -o CMakeFiles/cmTC_84665.dir/CMakeCCompilerABI.c.o   -c /ihome/crc/install/cmake/3.7.1/share/cmake-3.7/Modules/CMakeCCompilerABI.c
Linking C executable cmTC_84665
/ihome/crc/install/cmake/3.7.1/bin/cmake -E cmake_link_script CMakeFiles/cmTC_84665.dir/link.txt --verbose=1
/usr/bin/cc      -v CMakeFiles/cmTC_84665.dir/CMakeCCompilerABI.c.o  -o cmTC_84665 -rdynamic  
Using built-in specs.
COLLECT_GCC=/usr/bin/cc
COLLECT_LTO_WRAPPER=/usr/libexec/gcc/x86_64-redhat-linux/4.8.5/lto-wrapper
Target: x86_64-redhat-linux
Configured with: ../configure --prefix=/usr --mandir=/usr/share/man --infodir=/usr/share/info --with-bugurl=http://bugzilla.redhat.com/bugzilla --enable-bootstrap --enable-shared --enable-threads=posix --enable-checking=release --with-system-zlib --enable-__cxa_atexit --disable-libunwind-exceptions --enable-gnu-unique-object --enable-linker-build-id --with-linker-hash-style=gnu --enable-languages=c,c++,objc,obj-c++,java,fortran,ada,go,lto --enable-plugin --enable-initfini-array --disable-libgcj --with-isl=/builddir/build/BUILD/gcc-4.8.5-20150702/obj-x86_64-redhat-linux/isl-install --with-cloog=/builddir/build/BUILD/gcc-4.8.5-20150702/obj-x86_64-redhat-linux/cloog-install --enable-gnu-indirect-function --with-tune=generic --with-arch_32=x86-64 --build=x86_64-redhat-linux
Thread model: posix
gcc version 4.8.5 20150623 (Red Hat 4.8.5-16) (GCC) 
COMPILER_PATH=/usr/libexec/gcc/x86_64-redhat-linux/4.8.5/:/usr/libexec/gcc/x86_64-redhat-linux/4.8.5/:/usr/libexec/gcc/x86_64-redhat-linux/:/usr/lib/gcc/x86_64-redhat-linux/4.8.5/:/usr/lib/gcc/x86_64-redhat-linux/
LIBRARY_PATH=/usr/lib/gcc/x86_64-redhat-linux/4.8.5/:/usr/lib/gcc/x86_64-redhat-linux/4.8.5/../../../../lib64/:/lib/../lib64/:/usr/lib/../lib64/:/ihome/crc/install/intel-2017.1.132/ARPACK/lib/:/ihome/crc/install/intel-2017.1.132/intel-mpi-2017.1.132/fftw/3.3.5/lib/:/ihome/crc/install/intel/2017.1.132/compilers_and_libraries_2017.1.132/linux/ipp/lib/intel64/:/ihome/crc/install/intel/2017.1.132/compilers_and_libraries_2017.1.132/linux/compiler/lib/intel64_lin/:/ihome/crc/install/intel/2017.1.132/compilers_and_libraries_2017.1.132/linux/mkl/lib/intel64_lin/:/ihome/crc/install/intel/2017.1.132/compilers_and_libraries_2017.1.132/linux/tbb/lib/intel64/gcc4.7/:/ihome/crc/install/intel/2017.1.132/compilers_and_libraries_2017.1.132/linux/daal/lib/intel64_lin/:/ihome/crc/install/intel/2017.1.132/compilers_and_libraries_2017.1.132/linux/ipp/lib/intel64/:/ihome/crc/install/intel/2017.1.132/compilers_and_libraries_2017.1.132/linux/compiler/lib/intel64_lin/:/ihome/crc/install/intel/2017.1.132/compilers_and_libraries_2017.1.132/linux/mkl/lib/intel64_lin/:/ihome/crc/install/intel/2017.1.132/compilers_and_libraries_2017.1.132/linux/tbb/lib/intel64/gcc4.7/:/ihome/crc/install/intel/2017.1.132/compilers_and_libraries_2017.1.132/linux/daal/lib/intel64_lin/:/ihome/crc/install/intel/2017.1.132/compilers_and_libraries_2017.1.132/linux/tbb/lib/intel64_lin/gcc4.4/:./:/ihome/kjordan/thc9/fermi/Development/ARPACK/lib/:/usr/lib/gcc/x86_64-redhat-linux/4.8.5/../../../:/lib/:/usr/lib/
COLLECT_GCC_OPTIONS='-v' '-o' 'cmTC_84665' '-rdynamic' '-mtune=generic' '-march=x86-64'
 /usr/libexec/gcc/x86_64-redhat-linux/4.8.5/collect2 --build-id --no-add-needed --eh-frame-hdr --hash-style=gnu -m elf_x86_64 -export-dynamic -dynamic-linker /lib64/ld-linux-x86-64.so.2 -o cmTC_84665 /usr/lib/gcc/x86_64-redhat-linux/4.8.5/../../../../lib64/crt1.o /usr/lib/gcc/x86_64-redhat-linux/4.8.5/../../../../lib64/crti.o /usr/lib/gcc/x86_64-redhat-linux/4.8.5/crtbegin.o -L/usr/lib/gcc/x86_64-redhat-linux/4.8.5 -L/usr/lib/gcc/x86_64-redhat-linux/4.8.5/../../../../lib64 -L/lib/../lib64 -L/usr/lib/../lib64 -L/ihome/crc/install/intel-2017.1.132/ARPACK/lib -L/ihome/crc/install/intel-2017.1.132/intel-mpi-2017.1.132/fftw/3.3.5/lib -L/ihome/crc/install/intel/2017.1.132/compilers_and_libraries_2017.1.132/linux/ipp/lib/intel64 -L/ihome/crc/install/intel/2017.1.132/compilers_and_libraries_2017.1.132/linux/compiler/lib/intel64_lin -L/ihome/crc/install/intel/2017.1.132/compilers_and_libraries_2017.1.132/linux/mkl/lib/intel64_lin -L/ihome/crc/install/intel/2017.1.132/compilers_and_libraries_2017.1.132/linux/tbb/lib/intel64/gcc4.7 -L/ihome/crc/install/intel/2017.1.132/compilers_and_libraries_2017.1.132/linux/daal/lib/intel64_lin -L/ihome/crc/install/intel/2017.1.132/compilers_and_libraries_2017.1.132/linux/ipp/lib/intel64 -L/ihome/crc/install/intel/2017.1.132/compilers_and_libraries_2017.1.132/linux/compiler/lib/intel64_lin -L/ihome/crc/install/intel/2017.1.132/compilers_and_libraries_2017.1.132/linux/mkl/lib/intel64_lin -L/ihome/crc/install/intel/2017.1.132/compilers_and_libraries_2017.1.132/linux/tbb/lib/intel64/gcc4.7 -L/ihome/crc/install/intel/2017.1.132/compilers_and_libraries_2017.1.132/linux/daal/lib/intel64_lin -L/ihome/crc/install/intel/2017.1.132/compilers_and_libraries_2017.1.132/linux/tbb/lib/intel64_lin/gcc4.4 -L. -L/ihome/kjordan/thc9/fermi/Development/ARPACK/lib -L/usr/lib/gcc/x86_64-redhat-linux/4.8.5/../../.. CMakeFiles/cmTC_84665.dir/CMakeCCompilerABI.c.o -lgcc --as-needed -lgcc_s --no-as-needed -lc -lgcc --as-needed -lgcc_s --no-as-needed /usr/lib/gcc/x86_64-redhat-linux/4.8.5/crtend.o /usr/lib/gcc/x86_64-redhat-linux/4.8.5/../../../../lib64/crtn.o
gmake[1]: Leaving directory `/ihome/kjordan/thc9/fermi/Development/smp_local/pisces/CMakeFiles/CMakeTmp'


Parsed C implicit link information from above output:
  link line regex: [^( *|.*[/\])(ld|([^/\]+-)?ld|collect2)[^/\]*( |$)]
  ignore line: [Change Dir: /ihome/kjordan/thc9/fermi/Development/smp_local/pisces/CMakeFiles/CMakeTmp]
  ignore line: []
  ignore line: [Run Build Command:"/usr/bin/gmake" "cmTC_84665/fast"]
  ignore line: [/usr/bin/gmake -f CMakeFiles/cmTC_84665.dir/build.make CMakeFiles/cmTC_84665.dir/build]
  ignore line: [gmake[1]: Entering directory `/ihome/kjordan/thc9/fermi/Development/smp_local/pisces/CMakeFiles/CMakeTmp']
  ignore line: [Building C object CMakeFiles/cmTC_84665.dir/CMakeCCompilerABI.c.o]
  ignore line: [/usr/bin/cc     -o CMakeFiles/cmTC_84665.dir/CMakeCCompilerABI.c.o   -c /ihome/crc/install/cmake/3.7.1/share/cmake-3.7/Modules/CMakeCCompilerABI.c]
  ignore line: [Linking C executable cmTC_84665]
  ignore line: [/ihome/crc/install/cmake/3.7.1/bin/cmake -E cmake_link_script CMakeFiles/cmTC_84665.dir/link.txt --verbose=1]
  ignore line: [/usr/bin/cc      -v CMakeFiles/cmTC_84665.dir/CMakeCCompilerABI.c.o  -o cmTC_84665 -rdynamic  ]
  ignore line: [Using built-in specs.]
  ignore line: [COLLECT_GCC=/usr/bin/cc]
  ignore line: [COLLECT_LTO_WRAPPER=/usr/libexec/gcc/x86_64-redhat-linux/4.8.5/lto-wrapper]
  ignore line: [Target: x86_64-redhat-linux]
  ignore line: [Configured with: ../configure --prefix=/usr --mandir=/usr/share/man --infodir=/usr/share/info --with-bugurl=http://bugzilla.redhat.com/bugzilla --enable-bootstrap --enable-shared --enable-threads=posix --enable-checking=release --with-system-zlib --enable-__cxa_atexit --disable-libunwind-exceptions --enable-gnu-unique-object --enable-linker-build-id --with-linker-hash-style=gnu --enable-languages=c,c++,objc,obj-c++,java,fortran,ada,go,lto --enable-plugin --enable-initfini-array --disable-libgcj --with-isl=/builddir/build/BUILD/gcc-4.8.5-20150702/obj-x86_64-redhat-linux/isl-install --with-cloog=/builddir/build/BUILD/gcc-4.8.5-20150702/obj-x86_64-redhat-linux/cloog-install --enable-gnu-indirect-function --with-tune=generic --with-arch_32=x86-64 --build=x86_64-redhat-linux]
  ignore line: [Thread model: posix]
  ignore line: [gcc version 4.8.5 20150623 (Red Hat 4.8.5-16) (GCC) ]
  ignore line: [COMPILER_PATH=/usr/libexec/gcc/x86_64-redhat-linux/4.8.5/:/usr/libexec/gcc/x86_64-redhat-linux/4.8.5/:/usr/libexec/gcc/x86_64-redhat-linux/:/usr/lib/gcc/x86_64-redhat-linux/4.8.5/:/usr/lib/gcc/x86_64-redhat-linux/]
  ignore line: [LIBRARY_PATH=/usr/lib/gcc/x86_64-redhat-linux/4.8.5/:/usr/lib/gcc/x86_64-redhat-linux/4.8.5/../../../../lib64/:/lib/../lib64/:/usr/lib/../lib64/:/ihome/crc/install/intel-2017.1.132/ARPACK/lib/:/ihome/crc/install/intel-2017.1.132/intel-mpi-2017.1.132/fftw/3.3.5/lib/:/ihome/crc/install/intel/2017.1.132/compilers_and_libraries_2017.1.132/linux/ipp/lib/intel64/:/ihome/crc/install/intel/2017.1.132/compilers_and_libraries_2017.1.132/linux/compiler/lib/intel64_lin/:/ihome/crc/install/intel/2017.1.132/compilers_and_libraries_2017.1.132/linux/mkl/lib/intel64_lin/:/ihome/crc/install/intel/2017.1.132/compilers_and_libraries_2017.1.132/linux/tbb/lib/intel64/gcc4.7/:/ihome/crc/install/intel/2017.1.132/compilers_and_libraries_2017.1.132/linux/daal/lib/intel64_lin/:/ihome/crc/install/intel/2017.1.132/compilers_and_libraries_2017.1.132/linux/ipp/lib/intel64/:/ihome/crc/install/intel/2017.1.132/compilers_and_libraries_2017.1.132/linux/compiler/lib/intel64_lin/:/ihome/crc/install/intel/2017.1.132/compilers_and_libraries_2017.1.132/linux/mkl/lib/intel64_lin/:/ihome/crc/install/intel/2017.1.132/compilers_and_libraries_2017.1.132/linux/tbb/lib/intel64/gcc4.7/:/ihome/crc/install/intel/2017.1.132/compilers_and_libraries_2017.1.132/linux/daal/lib/intel64_lin/:/ihome/crc/install/intel/2017.1.132/compilers_and_libraries_2017.1.132/linux/tbb/lib/intel64_lin/gcc4.4/:./:/ihome/kjordan/thc9/fermi/Development/ARPACK/lib/:/usr/lib/gcc/x86_64-redhat-linux/4.8.5/../../../:/lib/:/usr/lib/]
  ignore line: [COLLECT_GCC_OPTIONS='-v' '-o' 'cmTC_84665' '-rdynamic' '-mtune=generic' '-march=x86-64']
  link line: [ /usr/libexec/gcc/x86_64-redhat-linux/4.8.5/collect2 --build-id --no-add-needed --eh-frame-hdr --hash-style=gnu -m elf_x86_64 -export-dynamic -dynamic-linker /lib64/ld-linux-x86-64.so.2 -o cmTC_84665 /usr/lib/gcc/x86_64-redhat-linux/4.8.5/../../../../lib64/crt1.o /usr/lib/gcc/x86_64-redhat-linux/4.8.5/../../../../lib64/crti.o /usr/lib/gcc/x86_64-redhat-linux/4.8.5/crtbegin.o -L/usr/lib/gcc/x86_64-redhat-linux/4.8.5 -L/usr/lib/gcc/x86_64-redhat-linux/4.8.5/../../../../lib64 -L/lib/../lib64 -L/usr/lib/../lib64 -L/ihome/crc/install/intel-2017.1.132/ARPACK/lib -L/ihome/crc/install/intel-2017.1.132/intel-mpi-2017.1.132/fftw/3.3.5/lib -L/ihome/crc/install/intel/2017.1.132/compilers_and_libraries_2017.1.132/linux/ipp/lib/intel64 -L/ihome/crc/install/intel/2017.1.132/compilers_and_libraries_2017.1.132/linux/compiler/lib/intel64_lin -L/ihome/crc/install/intel/2017.1.132/compilers_and_libraries_2017.1.132/linux/mkl/lib/intel64_lin -L/ihome/crc/install/intel/2017.1.132/compilers_and_libraries_2017.1.132/linux/tbb/lib/intel64/gcc4.7 -L/ihome/crc/install/intel/2017.1.132/compilers_and_libraries_2017.1.132/linux/daal/lib/intel64_lin -L/ihome/crc/install/intel/2017.1.132/compilers_and_libraries_2017.1.132/linux/ipp/lib/intel64 -L/ihome/crc/install/intel/2017.1.132/compilers_and_libraries_2017.1.132/linux/compiler/lib/intel64_lin -L/ihome/crc/install/intel/2017.1.132/compilers_and_libraries_2017.1.132/linux/mkl/lib/intel64_lin -L/ihome/crc/install/intel/2017.1.132/compilers_and_libraries_2017.1.132/linux/tbb/lib/intel64/gcc4.7 -L/ihome/crc/install/intel/2017.1.132/compilers_and_libraries_2017.1.132/linux/daal/lib/intel64_lin -L/ihome/crc/install/intel/2017.1.132/compilers_and_libraries_2017.1.132/linux/tbb/lib/intel64_lin/gcc4.4 -L. -L/ihome/kjordan/thc9/fermi/Development/ARPACK/lib -L/usr/lib/gcc/x86_64-redhat-linux/4.8.5/../../.. CMakeFiles/cmTC_84665.dir/CMakeCCompilerABI.c.o -lgcc --as-needed -lgcc_s --no-as-needed -lc -lgcc --as-needed -lgcc_s --no-as-needed /usr/lib/gcc/x86_64-redhat-linux/4.8.5/crtend.o /usr/lib/gcc/x86_64-redhat-linux/4.8.5/../../../../lib64/crtn.o]
    arg [/usr/libexec/gcc/x86_64-redhat-linux/4.8.5/collect2] ==> ignore
    arg [--build-id] ==> ignore
    arg [--no-add-needed] ==> ignore
    arg [--eh-frame-hdr] ==> ignore
    arg [--hash-style=gnu] ==> ignore
    arg [-m] ==> ignore
    arg [elf_x86_64] ==> ignore
    arg [-export-dynamic] ==> ignore
    arg [-dynamic-linker] ==> ignore
    arg [/lib64/ld-linux-x86-64.so.2] ==> ignore
    arg [-o] ==> ignore
    arg [cmTC_84665] ==> ignore
    arg [/usr/lib/gcc/x86_64-redhat-linux/4.8.5/../../../../lib64/crt1.o] ==> ignore
    arg [/usr/lib/gcc/x86_64-redhat-linux/4.8.5/../../../../lib64/crti.o] ==> ignore
    arg [/usr/lib/gcc/x86_64-redhat-linux/4.8.5/crtbegin.o] ==> ignore
    arg [-L/usr/lib/gcc/x86_64-redhat-linux/4.8.5] ==> dir [/usr/lib/gcc/x86_64-redhat-linux/4.8.5]
    arg [-L/usr/lib/gcc/x86_64-redhat-linux/4.8.5/../../../../lib64] ==> dir [/usr/lib/gcc/x86_64-redhat-linux/4.8.5/../../../../lib64]
    arg [-L/lib/../lib64] ==> dir [/lib/../lib64]
    arg [-L/usr/lib/../lib64] ==> dir [/usr/lib/../lib64]
    arg [-L/ihome/crc/install/intel-2017.1.132/ARPACK/lib] ==> dir [/ihome/crc/install/intel-2017.1.132/ARPACK/lib]
    arg [-L/ihome/crc/install/intel-2017.1.132/intel-mpi-2017.1.132/fftw/3.3.5/lib] ==> dir [/ihome/crc/install/intel-2017.1.132/intel-mpi-2017.1.132/fftw/3.3.5/lib]
    arg [-L/ihome/crc/install/intel/2017.1.132/compilers_and_libraries_2017.1.132/linux/ipp/lib/intel64] ==> dir [/ihome/crc/install/intel/2017.1.132/compilers_and_libraries_2017.1.132/linux/ipp/lib/intel64]
    arg [-L/ihome/crc/install/intel/2017.1.132/compilers_and_libraries_2017.1.132/linux/compiler/lib/intel64_lin] ==> dir [/ihome/crc/install/intel/2017.1.132/compilers_and_libraries_2017.1.132/linux/compiler/lib/intel64_lin]
    arg [-L/ihome/crc/install/intel/2017.1.132/compilers_and_libraries_2017.1.132/linux/mkl/lib/intel64_lin] ==> dir [/ihome/crc/install/intel/2017.1.132/compilers_and_libraries_2017.1.132/linux/mkl/lib/intel64_lin]
    arg [-L/ihome/crc/install/intel/2017.1.132/compilers_and_libraries_2017.1.132/linux/tbb/lib/intel64/gcc4.7] ==> dir [/ihome/crc/install/intel/2017.1.132/compilers_and_libraries_2017.1.132/linux/tbb/lib/intel64/gcc4.7]
    arg [-L/ihome/crc/install/intel/2017.1.132/compilers_and_libraries_2017.1.132/linux/daal/lib/intel64_lin] ==> dir [/ihome/crc/install/intel/2017.1.132/compilers_and_libraries_2017.1.132/linux/daal/lib/intel64_lin]
    arg [-L/ihome/crc/install/intel/2017.1.132/compilers_and_libraries_2017.1.132/linux/ipp/lib/intel64] ==> dir [/ihome/crc/install/intel/2017.1.132/compilers_and_libraries_2017.1.132/linux/ipp/lib/intel64]
    arg [-L/ihome/crc/install/intel/2017.1.132/compilers_and_libraries_2017.1.132/linux/compiler/lib/intel64_lin] ==> dir [/ihome/crc/install/intel/2017.1.132/compilers_and_libraries_2017.1.132/linux/compiler/lib/intel64_lin]
    arg [-L/ihome/crc/install/intel/2017.1.132/compilers_and_libraries_2017.1.132/linux/mkl/lib/intel64_lin] ==> dir [/ihome/crc/install/intel/2017.1.132/compilers_and_libraries_2017.1.132/linux/mkl/lib/intel64_lin]
    arg [-L/ihome/crc/install/intel/2017.1.132/compilers_and_libraries_2017.1.132/linux/tbb/lib/intel64/gcc4.7] ==> dir [/ihome/crc/install/intel/2017.1.132/compilers_and_libraries_2017.1.132/linux/tbb/lib/intel64/gcc4.7]
    arg [-L/ihome/crc/install/intel/2017.1.132/compilers_and_libraries_2017.1.132/linux/daal/lib/intel64_lin] ==> dir [/ihome/crc/install/intel/2017.1.132/compilers_and_libraries_2017.1.132/linux/daal/lib/intel64_lin]
    arg [-L/ihome/crc/install/intel/2017.1.132/compilers_and_libraries_2017.1.132/linux/tbb/lib/intel64_lin/gcc4.4] ==> dir [/ihome/crc/install/intel/2017.1.132/compilers_and_libraries_2017.1.132/linux/tbb/lib/intel64_lin/gcc4.4]
    arg [-L.] ==> ignore
    arg [-L/ihome/kjordan/thc9/fermi/Development/ARPACK/lib] ==> dir [/ihome/kjordan/thc9/fermi/Development/ARPACK/lib]
    arg [-L/usr/lib/gcc/x86_64-redhat-linux/4.8.5/../../..] ==> dir [/usr/lib/gcc/x86_64-redhat-linux/4.8.5/../../..]
    arg [CMakeFiles/cmTC_84665.dir/CMakeCCompilerABI.c.o] ==> ignore
    arg [-lgcc] ==> lib [gcc]
    arg [--as-needed] ==> ignore
    arg [-lgcc_s] ==> lib [gcc_s]
    arg [--no-as-needed] ==> ignore
    arg [-lc] ==> lib [c]
    arg [-lgcc] ==> lib [gcc]
    arg [--as-needed] ==> ignore
    arg [-lgcc_s] ==> lib [gcc_s]
    arg [--no-as-needed] ==> ignore
    arg [/usr/lib/gcc/x86_64-redhat-linux/4.8.5/crtend.o] ==> ignore
    arg [/usr/lib/gcc/x86_64-redhat-linux/4.8.5/../../../../lib64/crtn.o] ==> ignore
  remove lib [gcc]
  remove lib [gcc_s]
  remove lib [gcc]
  remove lib [gcc_s]
  collapse library dir [/usr/lib/gcc/x86_64-redhat-linux/4.8.5] ==> [/usr/lib/gcc/x86_64-redhat-linux/4.8.5]
  collapse library dir [/usr/lib/gcc/x86_64-redhat-linux/4.8.5/../../../../lib64] ==> [/usr/lib64]
  collapse library dir [/lib/../lib64] ==> [/lib64]
  collapse library dir [/usr/lib/../lib64] ==> [/usr/lib64]
  collapse library dir [/ihome/crc/install/intel-2017.1.132/ARPACK/lib] ==> [/ihome/crc/install/intel-2017.1.132/ARPACK/lib]
  collapse library dir [/ihome/crc/install/intel-2017.1.132/intel-mpi-2017.1.132/fftw/3.3.5/lib] ==> [/ihome/crc/install/intel-2017.1.132/intel-mpi-2017.1.132/fftw/3.3.5/lib]
  collapse library dir [/ihome/crc/install/intel/2017.1.132/compilers_and_libraries_2017.1.132/linux/ipp/lib/intel64] ==> [/ihome/crc/install/intel/2017.1.132/compilers_and_libraries_2017.1.132/linux/ipp/lib/intel64]
  collapse library dir [/ihome/crc/install/intel/2017.1.132/compilers_and_libraries_2017.1.132/linux/compiler/lib/intel64_lin] ==> [/ihome/crc/install/intel/2017.1.132/compilers_and_libraries_2017.1.132/linux/compiler/lib/intel64_lin]
  collapse library dir [/ihome/crc/install/intel/2017.1.132/compilers_and_libraries_2017.1.132/linux/mkl/lib/intel64_lin] ==> [/ihome/crc/install/intel/2017.1.132/compilers_and_libraries_2017.1.132/linux/mkl/lib/intel64_lin]
  collapse library dir [/ihome/crc/install/intel/2017.1.132/compilers_and_libraries_2017.1.132/linux/tbb/lib/intel64/gcc4.7] ==> [/ihome/crc/install/intel/2017.1.132/compilers_and_libraries_2017.1.132/linux/tbb/lib/intel64/gcc4.7]
  collapse library dir [/ihome/crc/install/intel/2017.1.132/compilers_and_libraries_2017.1.132/linux/daal/lib/intel64_lin] ==> [/ihome/crc/install/intel/2017.1.132/compilers_and_libraries_2017.1.132/linux/daal/lib/intel64_lin]
  collapse library dir [/ihome/crc/install/intel/2017.1.132/compilers_and_libraries_2017.1.132/linux/ipp/lib/intel64] ==> [/ihome/crc/install/intel/2017.1.132/compilers_and_libraries_2017.1.132/linux/ipp/lib/intel64]
  collapse library dir [/ihome/crc/install/intel/2017.1.132/compilers_and_libraries_2017.1.132/linux/compiler/lib/intel64_lin] ==> [/ihome/crc/install/intel/2017.1.132/compilers_and_libraries_2017.1.132/linux/compiler/lib/intel64_lin]
  collapse library dir [/ihome/crc/install/intel/2017.1.132/compilers_and_libraries_2017.1.132/linux/mkl/lib/intel64_lin] ==> [/ihome/crc/install/intel/2017.1.132/compilers_and_libraries_2017.1.132/linux/mkl/lib/intel64_lin]
  collapse library dir [/ihome/crc/install/intel/2017.1.132/compilers_and_libraries_2017.1.132/linux/tbb/lib/intel64/gcc4.7] ==> [/ihome/crc/install/intel/2017.1.132/compilers_and_libraries_2017.1.132/linux/tbb/lib/intel64/gcc4.7]
  collapse library dir [/ihome/crc/install/intel/2017.1.132/compilers_and_libraries_2017.1.132/linux/daal/lib/intel64_lin] ==> [/ihome/crc/install/intel/2017.1.132/compilers_and_libraries_2017.1.132/linux/daal/lib/intel64_lin]
  collapse library dir [/ihome/crc/install/intel/2017.1.132/compilers_and_libraries_2017.1.132/linux/tbb/lib/intel64_lin/gcc4.4] ==> [/ihome/crc/install/intel/2017.1.132/compilers_and_libraries_2017.1.132/linux/tbb/lib/intel64_lin/gcc4.4]
  collapse library dir [/ihome/kjordan/thc9/fermi/Development/ARPACK/lib] ==> [/ihome/kjordan/thc9/fermi/Development/ARPACK/lib]
  collapse library dir [/usr/lib/gcc/x86_64-redhat-linux/4.8.5/../../..] ==> [/usr/lib]
  implicit libs: [c]
  implicit dirs: [/usr/lib/gcc/x86_64-redhat-linux/4.8.5;/usr/lib64;/lib64;/ihome/crc/install/intel-2017.1.132/ARPACK/lib;/ihome/crc/install/intel-2017.1.132/intel-mpi-2017.1.132/fftw/3.3.5/lib;/ihome/crc/install/intel/2017.1.132/compilers_and_libraries_2017.1.132/linux/ipp/lib/intel64;/ihome/crc/install/intel/2017.1.132/compilers_and_libraries_2017.1.132/linux/compiler/lib/intel64_lin;/ihome/crc/install/intel/2017.1.132/compilers_and_libraries_2017.1.132/linux/mkl/lib/intel64_lin;/ihome/crc/install/intel/2017.1.132/compilers_and_libraries_2017.1.132/linux/tbb/lib/intel64/gcc4.7;/ihome/crc/install/intel/2017.1.132/compilers_and_libraries_2017.1.132/linux/daal/lib/intel64_lin;/ihome/crc/install/intel/2017.1.132/compilers_and_libraries_2017.1.132/linux/tbb/lib/intel64_lin/gcc4.4;/ihome/kjordan/thc9/fermi/Development/ARPACK/lib;/usr/lib]
  implicit fwks: []




Detecting C [-std=c11] compiler features compiled with the following output:
Change Dir: /ihome/kjordan/thc9/fermi/Development/smp_local/pisces/CMakeFiles/CMakeTmp

Run Build Command:"/usr/bin/gmake" "cmTC_63888/fast"
/usr/bin/gmake -f CMakeFiles/cmTC_63888.dir/build.make CMakeFiles/cmTC_63888.dir/build
gmake[1]: Entering directory `/ihome/kjordan/thc9/fermi/Development/smp_local/pisces/CMakeFiles/CMakeTmp'
Building C object CMakeFiles/cmTC_63888.dir/feature_tests.c.o
/usr/bin/cc    -std=c11 -o CMakeFiles/cmTC_63888.dir/feature_tests.c.o   -c /ihome/kjordan/thc9/fermi/Development/smp_local/pisces/CMakeFiles/feature_tests.c
Linking C executable cmTC_63888
/ihome/crc/install/cmake/3.7.1/bin/cmake -E cmake_link_script CMakeFiles/cmTC_63888.dir/link.txt --verbose=1
/usr/bin/cc       CMakeFiles/cmTC_63888.dir/feature_tests.c.o  -o cmTC_63888 -rdynamic 
gmake[1]: Leaving directory `/ihome/kjordan/thc9/fermi/Development/smp_local/pisces/CMakeFiles/CMakeTmp'


    Feature record: C_FEATURE:1c_function_prototypes
    Feature record: C_FEATURE:1c_restrict
    Feature record: C_FEATURE:1c_static_assert
    Feature record: C_FEATURE:1c_variadic_macros


Detecting C [-std=c99] compiler features compiled with the following output:
Change Dir: /ihome/kjordan/thc9/fermi/Development/smp_local/pisces/CMakeFiles/CMakeTmp

Run Build Command:"/usr/bin/gmake" "cmTC_4cf41/fast"
/usr/bin/gmake -f CMakeFiles/cmTC_4cf41.dir/build.make CMakeFiles/cmTC_4cf41.dir/build
gmake[1]: Entering directory `/ihome/kjordan/thc9/fermi/Development/smp_local/pisces/CMakeFiles/CMakeTmp'
Building C object CMakeFiles/cmTC_4cf41.dir/feature_tests.c.o
/usr/bin/cc    -std=c99 -o CMakeFiles/cmTC_4cf41.dir/feature_tests.c.o   -c /ihome/kjordan/thc9/fermi/Development/smp_local/pisces/CMakeFiles/feature_tests.c
Linking C executable cmTC_4cf41
/ihome/crc/install/cmake/3.7.1/bin/cmake -E cmake_link_script CMakeFiles/cmTC_4cf41.dir/link.txt --verbose=1
/usr/bin/cc       CMakeFiles/cmTC_4cf41.dir/feature_tests.c.o  -o cmTC_4cf41 -rdynamic 
gmake[1]: Leaving directory `/ihome/kjordan/thc9/fermi/Development/smp_local/pisces/CMakeFiles/CMakeTmp'


    Feature record: C_FEATURE:1c_function_prototypes
    Feature record: C_FEATURE:1c_restrict
    Feature record: C_FEATURE:0c_static_assert
    Feature record: C_FEATURE:1c_variadic_macros


Detecting C [-std=c90] compiler features compiled with the following output:
Change Dir: /ihome/kjordan/thc9/fermi/Development/smp_local/pisces/CMakeFiles/CMakeTmp

Run Build Command:"/usr/bin/gmake" "cmTC_2e75d/fast"
/usr/bin/gmake -f CMakeFiles/cmTC_2e75d.dir/build.make CMakeFiles/cmTC_2e75d.dir/build
gmake[1]: Entering directory `/ihome/kjordan/thc9/fermi/Development/smp_local/pisces/CMakeFiles/CMakeTmp'
Building C object CMakeFiles/cmTC_2e75d.dir/feature_tests.c.o
/usr/bin/cc    -std=c90 -o CMakeFiles/cmTC_2e75d.dir/feature_tests.c.o   -c /ihome/kjordan/thc9/fermi/Development/smp_local/pisces/CMakeFiles/feature_tests.c
Linking C executable cmTC_2e75d
/ihome/crc/install/cmake/3.7.1/bin/cmake -E cmake_link_script CMakeFiles/cmTC_2e75d.dir/link.txt --verbose=1
/usr/bin/cc       CMakeFiles/cmTC_2e75d.dir/feature_tests.c.o  -o cmTC_2e75d -rdynamic 
gmake[1]: Leaving directory `/ihome/kjordan/thc9/fermi/Development/smp_local/pisces/CMakeFiles/CMakeTmp'


    Feature record: C_FEATURE:1c_function_prototypes
    Feature record: C_FEATURE:0c_restrict
    Feature record: C_FEATURE:0c_static_assert
    Feature record: C_FEATURE:0c_variadic_macros
Determining if the Fortran compiler works passed with the following output:
Change Dir: /ihome/kjordan/thc9/fermi/Development/smp_local/pisces/CMakeFiles/CMakeTmp

Run Build Command:"/usr/bin/gmake" "cmTC_394d9/fast"
/usr/bin/gmake -f CMakeFiles/cmTC_394d9.dir/build.make CMakeFiles/cmTC_394d9.dir/build
gmake[1]: Entering directory `/ihome/kjordan/thc9/fermi/Development/smp_local/pisces/CMakeFiles/CMakeTmp'
Building Fortran object CMakeFiles/cmTC_394d9.dir/testFortranCompiler.f.o
/usr/bin/gfortran     -c /ihome/kjordan/thc9/fermi/Development/smp_local/pisces/CMakeFiles/CMakeTmp/testFortranCompiler.f -o CMakeFiles/cmTC_394d9.dir/testFortranCompiler.f.o
Linking Fortran executable cmTC_394d9
/ihome/crc/install/cmake/3.7.1/bin/cmake -E cmake_link_script CMakeFiles/cmTC_394d9.dir/link.txt --verbose=1
/usr/bin/gfortran       CMakeFiles/cmTC_394d9.dir/testFortranCompiler.f.o  -o cmTC_394d9  
gmake[1]: Leaving directory `/ihome/kjordan/thc9/fermi/Development/smp_local/pisces/CMakeFiles/CMakeTmp'


Detecting Fortran compiler ABI info compiled with the following output:
Change Dir: /ihome/kjordan/thc9/fermi/Development/smp_local/pisces/CMakeFiles/CMakeTmp

Run Build Command:"/usr/bin/gmake" "cmTC_2b498/fast"
/usr/bin/gmake -f CMakeFiles/cmTC_2b498.dir/build.make CMakeFiles/cmTC_2b498.dir/build
gmake[1]: Entering directory `/ihome/kjordan/thc9/fermi/Development/smp_local/pisces/CMakeFiles/CMakeTmp'
Building Fortran object CMakeFiles/cmTC_2b498.dir/CMakeFortranCompilerABI.F.o
/usr/bin/gfortran     -c /ihome/crc/install/cmake/3.7.1/share/cmake-3.7/Modules/CMakeFortranCompilerABI.F -o CMakeFiles/cmTC_2b498.dir/CMakeFortranCompilerABI.F.o
Linking Fortran executable cmTC_2b498
/ihome/crc/install/cmake/3.7.1/bin/cmake -E cmake_link_script CMakeFiles/cmTC_2b498.dir/link.txt --verbose=1
/usr/bin/gfortran    -v   CMakeFiles/cmTC_2b498.dir/CMakeFortranCompilerABI.F.o  -o cmTC_2b498   
Driving: /usr/bin/gfortran -v CMakeFiles/cmTC_2b498.dir/CMakeFortranCompilerABI.F.o -o cmTC_2b498 -l gfortran -l m -shared-libgcc
Using built-in specs.
COLLECT_GCC=/usr/bin/gfortran
COLLECT_LTO_WRAPPER=/usr/libexec/gcc/x86_64-redhat-linux/4.8.5/lto-wrapper
Target: x86_64-redhat-linux
Configured with: ../configure --prefix=/usr --mandir=/usr/share/man --infodir=/usr/share/info --with-bugurl=http://bugzilla.redhat.com/bugzilla --enable-bootstrap --enable-shared --enable-threads=posix --enable-checking=release --with-system-zlib --enable-__cxa_atexit --disable-libunwind-exceptions --enable-gnu-unique-object --enable-linker-build-id --with-linker-hash-style=gnu --enable-languages=c,c++,objc,obj-c++,java,fortran,ada,go,lto --enable-plugin --enable-initfini-array --disable-libgcj --with-isl=/builddir/build/BUILD/gcc-4.8.5-20150702/obj-x86_64-redhat-linux/isl-install --with-cloog=/builddir/build/BUILD/gcc-4.8.5-20150702/obj-x86_64-redhat-linux/cloog-install --enable-gnu-indirect-function --with-tune=generic --with-arch_32=x86-64 --build=x86_64-redhat-linux
Thread model: posix
gcc version 4.8.5 20150623 (Red Hat 4.8.5-16) (GCC) 
Reading specs from /usr/lib/gcc/x86_64-redhat-linux/4.8.5/libgfortran.spec
rename spec lib to liborig
COLLECT_GCC_OPTIONS='-v' '-o' 'cmTC_2b498' '-shared-libgcc' '-mtune=generic' '-march=x86-64'
COMPILER_PATH=/usr/libexec/gcc/x86_64-redhat-linux/4.8.5/:/usr/libexec/gcc/x86_64-redhat-linux/4.8.5/:/usr/libexec/gcc/x86_64-redhat-linux/:/usr/lib/gcc/x86_64-redhat-linux/4.8.5/:/usr/lib/gcc/x86_64-redhat-linux/
LIBRARY_PATH=/usr/lib/gcc/x86_64-redhat-linux/4.8.5/:/usr/lib/gcc/x86_64-redhat-linux/4.8.5/../../../../lib64/:/lib/../lib64/:/usr/lib/../lib64/:/ihome/crc/install/intel-2017.1.132/ARPACK/lib/:/ihome/crc/install/intel-2017.1.132/intel-mpi-2017.1.132/fftw/3.3.5/lib/:/ihome/crc/install/intel/2017.1.132/compilers_and_libraries_2017.1.132/linux/ipp/lib/intel64/:/ihome/crc/install/intel/2017.1.132/compilers_and_libraries_2017.1.132/linux/compiler/lib/intel64_lin/:/ihome/crc/install/intel/2017.1.132/compilers_and_libraries_2017.1.132/linux/mkl/lib/intel64_lin/:/ihome/crc/install/intel/2017.1.132/compilers_and_libraries_2017.1.132/linux/tbb/lib/intel64/gcc4.7/:/ihome/crc/install/intel/2017.1.132/compilers_and_libraries_2017.1.132/linux/daal/lib/intel64_lin/:/ihome/crc/install/intel/2017.1.132/compilers_and_libraries_2017.1.132/linux/ipp/lib/intel64/:/ihome/crc/install/intel/2017.1.132/compilers_and_libraries_2017.1.132/linux/compiler/lib/intel64_lin/:/ihome/crc/install/intel/2017.1.132/compilers_and_libraries_2017.1.132/linux/mkl/lib/intel64_lin/:/ihome/crc/install/intel/2017.1.132/compilers_and_libraries_2017.1.132/linux/tbb/lib/intel64/gcc4.7/:/ihome/crc/install/intel/2017.1.132/compilers_and_libraries_2017.1.132/linux/daal/lib/intel64_lin/:/ihome/crc/install/intel/2017.1.132/compilers_and_libraries_2017.1.132/linux/tbb/lib/intel64_lin/gcc4.4/:./:/ihome/kjordan/thc9/fermi/Development/ARPACK/lib/:/usr/lib/gcc/x86_64-redhat-linux/4.8.5/../../../:/lib/:/usr/lib/
COLLECT_GCC_OPTIONS='-v' '-o' 'cmTC_2b498' '-shared-libgcc' '-mtune=generic' '-march=x86-64'
 /usr/libexec/gcc/x86_64-redhat-linux/4.8.5/collect2 --build-id --no-add-needed --eh-frame-hdr --hash-style=gnu -m elf_x86_64 -dynamic-linker /lib64/ld-linux-x86-64.so.2 -o cmTC_2b498 /usr/lib/gcc/x86_64-redhat-linux/4.8.5/../../../../lib64/crt1.o /usr/lib/gcc/x86_64-redhat-linux/4.8.5/../../../../lib64/crti.o /usr/lib/gcc/x86_64-redhat-linux/4.8.5/crtbegin.o -L/usr/lib/gcc/x86_64-redhat-linux/4.8.5 -L/usr/lib/gcc/x86_64-redhat-linux/4.8.5/../../../../lib64 -L/lib/../lib64 -L/usr/lib/../lib64 -L/ihome/crc/install/intel-2017.1.132/ARPACK/lib -L/ihome/crc/install/intel-2017.1.132/intel-mpi-2017.1.132/fftw/3.3.5/lib -L/ihome/crc/install/intel/2017.1.132/compilers_and_libraries_2017.1.132/linux/ipp/lib/intel64 -L/ihome/crc/install/intel/2017.1.132/compilers_and_libraries_2017.1.132/linux/compiler/lib/intel64_lin -L/ihome/crc/install/intel/2017.1.132/compilers_and_libraries_2017.1.132/linux/mkl/lib/intel64_lin -L/ihome/crc/install/intel/2017.1.132/compilers_and_libraries_2017.1.132/linux/tbb/lib/intel64/gcc4.7 -L/ihome/crc/install/intel/2017.1.132/compilers_and_libraries_2017.1.132/linux/daal/lib/intel64_lin -L/ihome/crc/install/intel/2017.1.132/compilers_and_libraries_2017.1.132/linux/ipp/lib/intel64 -L/ihome/crc/install/intel/2017.1.132/compilers_and_libraries_2017.1.132/linux/compiler/lib/intel64_lin -L/ihome/crc/install/intel/2017.1.132/compilers_and_libraries_2017.1.132/linux/mkl/lib/intel64_lin -L/ihome/crc/install/intel/2017.1.132/compilers_and_libraries_2017.1.132/linux/tbb/lib/intel64/gcc4.7 -L/ihome/crc/install/intel/2017.1.132/compilers_and_libraries_2017.1.132/linux/daal/lib/intel64_lin -L/ihome/crc/install/intel/2017.1.132/compilers_and_libraries_2017.1.132/linux/tbb/lib/intel64_lin/gcc4.4 -L. -L/ihome/kjordan/thc9/fermi/Development/ARPACK/lib -L/usr/lib/gcc/x86_64-redhat-linux/4.8.5/../../.. CMakeFiles/cmTC_2b498.dir/CMakeFortranCompilerABI.F.o -lgfortran -lm -lgcc_s -lgcc -lquadmath -lm -lgcc_s -lgcc -lc -lgcc_s -lgcc /usr/lib/gcc/x86_64-redhat-linux/4.8.5/crtend.o /usr/lib/gcc/x86_64-redhat-linux/4.8.5/../../../../lib64/crtn.o
gmake[1]: Leaving directory `/ihome/kjordan/thc9/fermi/Development/smp_local/pisces/CMakeFiles/CMakeTmp'


Parsed Fortran implicit link information from above output:
  link line regex: [^( *|.*[/\])(ld|([^/\]+-)?ld|collect2)[^/\]*( |$)]
  ignore line: [Change Dir: /ihome/kjordan/thc9/fermi/Development/smp_local/pisces/CMakeFiles/CMakeTmp]
  ignore line: []
  ignore line: [Run Build Command:"/usr/bin/gmake" "cmTC_2b498/fast"]
  ignore line: [/usr/bin/gmake -f CMakeFiles/cmTC_2b498.dir/build.make CMakeFiles/cmTC_2b498.dir/build]
  ignore line: [gmake[1]: Entering directory `/ihome/kjordan/thc9/fermi/Development/smp_local/pisces/CMakeFiles/CMakeTmp']
  ignore line: [Building Fortran object CMakeFiles/cmTC_2b498.dir/CMakeFortranCompilerABI.F.o]
  ignore line: [/usr/bin/gfortran     -c /ihome/crc/install/cmake/3.7.1/share/cmake-3.7/Modules/CMakeFortranCompilerABI.F -o CMakeFiles/cmTC_2b498.dir/CMakeFortranCompilerABI.F.o]
  ignore line: [Linking Fortran executable cmTC_2b498]
  ignore line: [/ihome/crc/install/cmake/3.7.1/bin/cmake -E cmake_link_script CMakeFiles/cmTC_2b498.dir/link.txt --verbose=1]
  ignore line: [/usr/bin/gfortran    -v   CMakeFiles/cmTC_2b498.dir/CMakeFortranCompilerABI.F.o  -o cmTC_2b498   ]
  ignore line: [Driving: /usr/bin/gfortran -v CMakeFiles/cmTC_2b498.dir/CMakeFortranCompilerABI.F.o -o cmTC_2b498 -l gfortran -l m -shared-libgcc]
  ignore line: [Using built-in specs.]
  ignore line: [COLLECT_GCC=/usr/bin/gfortran]
  ignore line: [COLLECT_LTO_WRAPPER=/usr/libexec/gcc/x86_64-redhat-linux/4.8.5/lto-wrapper]
  ignore line: [Target: x86_64-redhat-linux]
  ignore line: [Configured with: ../configure --prefix=/usr --mandir=/usr/share/man --infodir=/usr/share/info --with-bugurl=http://bugzilla.redhat.com/bugzilla --enable-bootstrap --enable-shared --enable-threads=posix --enable-checking=release --with-system-zlib --enable-__cxa_atexit --disable-libunwind-exceptions --enable-gnu-unique-object --enable-linker-build-id --with-linker-hash-style=gnu --enable-languages=c,c++,objc,obj-c++,java,fortran,ada,go,lto --enable-plugin --enable-initfini-array --disable-libgcj --with-isl=/builddir/build/BUILD/gcc-4.8.5-20150702/obj-x86_64-redhat-linux/isl-install --with-cloog=/builddir/build/BUILD/gcc-4.8.5-20150702/obj-x86_64-redhat-linux/cloog-install --enable-gnu-indirect-function --with-tune=generic --with-arch_32=x86-64 --build=x86_64-redhat-linux]
  ignore line: [Thread model: posix]
  ignore line: [gcc version 4.8.5 20150623 (Red Hat 4.8.5-16) (GCC) ]
  ignore line: [Reading specs from /usr/lib/gcc/x86_64-redhat-linux/4.8.5/libgfortran.spec]
  ignore line: [rename spec lib to liborig]
  ignore line: [COLLECT_GCC_OPTIONS='-v' '-o' 'cmTC_2b498' '-shared-libgcc' '-mtune=generic' '-march=x86-64']
  ignore line: [COMPILER_PATH=/usr/libexec/gcc/x86_64-redhat-linux/4.8.5/:/usr/libexec/gcc/x86_64-redhat-linux/4.8.5/:/usr/libexec/gcc/x86_64-redhat-linux/:/usr/lib/gcc/x86_64-redhat-linux/4.8.5/:/usr/lib/gcc/x86_64-redhat-linux/]
  ignore line: [LIBRARY_PATH=/usr/lib/gcc/x86_64-redhat-linux/4.8.5/:/usr/lib/gcc/x86_64-redhat-linux/4.8.5/../../../../lib64/:/lib/../lib64/:/usr/lib/../lib64/:/ihome/crc/install/intel-2017.1.132/ARPACK/lib/:/ihome/crc/install/intel-2017.1.132/intel-mpi-2017.1.132/fftw/3.3.5/lib/:/ihome/crc/install/intel/2017.1.132/compilers_and_libraries_2017.1.132/linux/ipp/lib/intel64/:/ihome/crc/install/intel/2017.1.132/compilers_and_libraries_2017.1.132/linux/compiler/lib/intel64_lin/:/ihome/crc/install/intel/2017.1.132/compilers_and_libraries_2017.1.132/linux/mkl/lib/intel64_lin/:/ihome/crc/install/intel/2017.1.132/compilers_and_libraries_2017.1.132/linux/tbb/lib/intel64/gcc4.7/:/ihome/crc/install/intel/2017.1.132/compilers_and_libraries_2017.1.132/linux/daal/lib/intel64_lin/:/ihome/crc/install/intel/2017.1.132/compilers_and_libraries_2017.1.132/linux/ipp/lib/intel64/:/ihome/crc/install/intel/2017.1.132/compilers_and_libraries_2017.1.132/linux/compiler/lib/intel64_lin/:/ihome/crc/install/intel/2017.1.132/compilers_and_libraries_2017.1.132/linux/mkl/lib/intel64_lin/:/ihome/crc/install/intel/2017.1.132/compilers_and_libraries_2017.1.132/linux/tbb/lib/intel64/gcc4.7/:/ihome/crc/install/intel/2017.1.132/compilers_and_libraries_2017.1.132/linux/daal/lib/intel64_lin/:/ihome/crc/install/intel/2017.1.132/compilers_and_libraries_2017.1.132/linux/tbb/lib/intel64_lin/gcc4.4/:./:/ihome/kjordan/thc9/fermi/Development/ARPACK/lib/:/usr/lib/gcc/x86_64-redhat-linux/4.8.5/../../../:/lib/:/usr/lib/]
  ignore line: [COLLECT_GCC_OPTIONS='-v' '-o' 'cmTC_2b498' '-shared-libgcc' '-mtune=generic' '-march=x86-64']
  link line: [ /usr/libexec/gcc/x86_64-redhat-linux/4.8.5/collect2 --build-id --no-add-needed --eh-frame-hdr --hash-style=gnu -m elf_x86_64 -dynamic-linker /lib64/ld-linux-x86-64.so.2 -o cmTC_2b498 /usr/lib/gcc/x86_64-redhat-linux/4.8.5/../../../../lib64/crt1.o /usr/lib/gcc/x86_64-redhat-linux/4.8.5/../../../../lib64/crti.o /usr/lib/gcc/x86_64-redhat-linux/4.8.5/crtbegin.o -L/usr/lib/gcc/x86_64-redhat-linux/4.8.5 -L/usr/lib/gcc/x86_64-redhat-linux/4.8.5/../../../../lib64 -L/lib/../lib64 -L/usr/lib/../lib64 -L/ihome/crc/install/intel-2017.1.132/ARPACK/lib -L/ihome/crc/install/intel-2017.1.132/intel-mpi-2017.1.132/fftw/3.3.5/lib -L/ihome/crc/install/intel/2017.1.132/compilers_and_libraries_2017.1.132/linux/ipp/lib/intel64 -L/ihome/crc/install/intel/2017.1.132/compilers_and_libraries_2017.1.132/linux/compiler/lib/intel64_lin -L/ihome/crc/install/intel/2017.1.132/compilers_and_libraries_2017.1.132/linux/mkl/lib/intel64_lin -L/ihome/crc/install/intel/2017.1.132/compilers_and_libraries_2017.1.132/linux/tbb/lib/intel64/gcc4.7 -L/ihome/crc/install/intel/2017.1.132/compilers_and_libraries_2017.1.132/linux/daal/lib/intel64_lin -L/ihome/crc/install/intel/2017.1.132/compilers_and_libraries_2017.1.132/linux/ipp/lib/intel64 -L/ihome/crc/install/intel/2017.1.132/compilers_and_libraries_2017.1.132/linux/compiler/lib/intel64_lin -L/ihome/crc/install/intel/2017.1.132/compilers_and_libraries_2017.1.132/linux/mkl/lib/intel64_lin -L/ihome/crc/install/intel/2017.1.132/compilers_and_libraries_2017.1.132/linux/tbb/lib/intel64/gcc4.7 -L/ihome/crc/install/intel/2017.1.132/compilers_and_libraries_2017.1.132/linux/daal/lib/intel64_lin -L/ihome/crc/install/intel/2017.1.132/compilers_and_libraries_2017.1.132/linux/tbb/lib/intel64_lin/gcc4.4 -L. -L/ihome/kjordan/thc9/fermi/Development/ARPACK/lib -L/usr/lib/gcc/x86_64-redhat-linux/4.8.5/../../.. CMakeFiles/cmTC_2b498.dir/CMakeFortranCompilerABI.F.o -lgfortran -lm -lgcc_s -lgcc -lquadmath -lm -lgcc_s -lgcc -lc -lgcc_s -lgcc /usr/lib/gcc/x86_64-redhat-linux/4.8.5/crtend.o /usr/lib/gcc/x86_64-redhat-linux/4.8.5/../../../../lib64/crtn.o]
    arg [/usr/libexec/gcc/x86_64-redhat-linux/4.8.5/collect2] ==> ignore
    arg [--build-id] ==> ignore
    arg [--no-add-needed] ==> ignore
    arg [--eh-frame-hdr] ==> ignore
    arg [--hash-style=gnu] ==> ignore
    arg [-m] ==> ignore
    arg [elf_x86_64] ==> ignore
    arg [-dynamic-linker] ==> ignore
    arg [/lib64/ld-linux-x86-64.so.2] ==> ignore
    arg [-o] ==> ignore
    arg [cmTC_2b498] ==> ignore
    arg [/usr/lib/gcc/x86_64-redhat-linux/4.8.5/../../../../lib64/crt1.o] ==> ignore
    arg [/usr/lib/gcc/x86_64-redhat-linux/4.8.5/../../../../lib64/crti.o] ==> ignore
    arg [/usr/lib/gcc/x86_64-redhat-linux/4.8.5/crtbegin.o] ==> ignore
    arg [-L/usr/lib/gcc/x86_64-redhat-linux/4.8.5] ==> dir [/usr/lib/gcc/x86_64-redhat-linux/4.8.5]
    arg [-L/usr/lib/gcc/x86_64-redhat-linux/4.8.5/../../../../lib64] ==> dir [/usr/lib/gcc/x86_64-redhat-linux/4.8.5/../../../../lib64]
    arg [-L/lib/../lib64] ==> dir [/lib/../lib64]
    arg [-L/usr/lib/../lib64] ==> dir [/usr/lib/../lib64]
    arg [-L/ihome/crc/install/intel-2017.1.132/ARPACK/lib] ==> dir [/ihome/crc/install/intel-2017.1.132/ARPACK/lib]
    arg [-L/ihome/crc/install/intel-2017.1.132/intel-mpi-2017.1.132/fftw/3.3.5/lib] ==> dir [/ihome/crc/install/intel-2017.1.132/intel-mpi-2017.1.132/fftw/3.3.5/lib]
    arg [-L/ihome/crc/install/intel/2017.1.132/compilers_and_libraries_2017.1.132/linux/ipp/lib/intel64] ==> dir [/ihome/crc/install/intel/2017.1.132/compilers_and_libraries_2017.1.132/linux/ipp/lib/intel64]
    arg [-L/ihome/crc/install/intel/2017.1.132/compilers_and_libraries_2017.1.132/linux/compiler/lib/intel64_lin] ==> dir [/ihome/crc/install/intel/2017.1.132/compilers_and_libraries_2017.1.132/linux/compiler/lib/intel64_lin]
    arg [-L/ihome/crc/install/intel/2017.1.132/compilers_and_libraries_2017.1.132/linux/mkl/lib/intel64_lin] ==> dir [/ihome/crc/install/intel/2017.1.132/compilers_and_libraries_2017.1.132/linux/mkl/lib/intel64_lin]
    arg [-L/ihome/crc/install/intel/2017.1.132/compilers_and_libraries_2017.1.132/linux/tbb/lib/intel64/gcc4.7] ==> dir [/ihome/crc/install/intel/2017.1.132/compilers_and_libraries_2017.1.132/linux/tbb/lib/intel64/gcc4.7]
    arg [-L/ihome/crc/install/intel/2017.1.132/compilers_and_libraries_2017.1.132/linux/daal/lib/intel64_lin] ==> dir [/ihome/crc/install/intel/2017.1.132/compilers_and_libraries_2017.1.132/linux/daal/lib/intel64_lin]
    arg [-L/ihome/crc/install/intel/2017.1.132/compilers_and_libraries_2017.1.132/linux/ipp/lib/intel64] ==> dir [/ihome/crc/install/intel/2017.1.132/compilers_and_libraries_2017.1.132/linux/ipp/lib/intel64]
    arg [-L/ihome/crc/install/intel/2017.1.132/compilers_and_libraries_2017.1.132/linux/compiler/lib/intel64_lin] ==> dir [/ihome/crc/install/intel/2017.1.132/compilers_and_libraries_2017.1.132/linux/compiler/lib/intel64_lin]
    arg [-L/ihome/crc/install/intel/2017.1.132/compilers_and_libraries_2017.1.132/linux/mkl/lib/intel64_lin] ==> dir [/ihome/crc/install/intel/2017.1.132/compilers_and_libraries_2017.1.132/linux/mkl/lib/intel64_lin]
    arg [-L/ihome/crc/install/intel/2017.1.132/compilers_and_libraries_2017.1.132/linux/tbb/lib/intel64/gcc4.7] ==> dir [/ihome/crc/install/intel/2017.1.132/compilers_and_libraries_2017.1.132/linux/tbb/lib/intel64/gcc4.7]
    arg [-L/ihome/crc/install/intel/2017.1.132/compilers_and_libraries_2017.1.132/linux/daal/lib/intel64_lin] ==> dir [/ihome/crc/install/intel/2017.1.132/compilers_and_libraries_2017.1.132/linux/daal/lib/intel64_lin]
    arg [-L/ihome/crc/install/intel/2017.1.132/compilers_and_libraries_2017.1.132/linux/tbb/lib/intel64_lin/gcc4.4] ==> dir [/ihome/crc/install/intel/2017.1.132/compilers_and_libraries_2017.1.132/linux/tbb/lib/intel64_lin/gcc4.4]
    arg [-L.] ==> ignore
    arg [-L/ihome/kjordan/thc9/fermi/Development/ARPACK/lib] ==> dir [/ihome/kjordan/thc9/fermi/Development/ARPACK/lib]
    arg [-L/usr/lib/gcc/x86_64-redhat-linux/4.8.5/../../..] ==> dir [/usr/lib/gcc/x86_64-redhat-linux/4.8.5/../../..]
    arg [CMakeFiles/cmTC_2b498.dir/CMakeFortranCompilerABI.F.o] ==> ignore
    arg [-lgfortran] ==> lib [gfortran]
    arg [-lm] ==> lib [m]
    arg [-lgcc_s] ==> lib [gcc_s]
    arg [-lgcc] ==> lib [gcc]
    arg [-lquadmath] ==> lib [quadmath]
    arg [-lm] ==> lib [m]
    arg [-lgcc_s] ==> lib [gcc_s]
    arg [-lgcc] ==> lib [gcc]
    arg [-lc] ==> lib [c]
    arg [-lgcc_s] ==> lib [gcc_s]
    arg [-lgcc] ==> lib [gcc]
    arg [/usr/lib/gcc/x86_64-redhat-linux/4.8.5/crtend.o] ==> ignore
    arg [/usr/lib/gcc/x86_64-redhat-linux/4.8.5/../../../../lib64/crtn.o] ==> ignore
  remove lib [gcc_s]
  remove lib [gcc]
  remove lib [gcc_s]
  remove lib [gcc]
  remove lib [gcc_s]
  remove lib [gcc]
  collapse library dir [/usr/lib/gcc/x86_64-redhat-linux/4.8.5] ==> [/usr/lib/gcc/x86_64-redhat-linux/4.8.5]
  collapse library dir [/usr/lib/gcc/x86_64-redhat-linux/4.8.5/../../../../lib64] ==> [/usr/lib64]
  collapse library dir [/lib/../lib64] ==> [/lib64]
  collapse library dir [/usr/lib/../lib64] ==> [/usr/lib64]
  collapse library dir [/ihome/crc/install/intel-2017.1.132/ARPACK/lib] ==> [/ihome/crc/install/intel-2017.1.132/ARPACK/lib]
  collapse library dir [/ihome/crc/install/intel-2017.1.132/intel-mpi-2017.1.132/fftw/3.3.5/lib] ==> [/ihome/crc/install/intel-2017.1.132/intel-mpi-2017.1.132/fftw/3.3.5/lib]
  collapse library dir [/ihome/crc/install/intel/2017.1.132/compilers_and_libraries_2017.1.132/linux/ipp/lib/intel64] ==> [/ihome/crc/install/intel/2017.1.132/compilers_and_libraries_2017.1.132/linux/ipp/lib/intel64]
  collapse library dir [/ihome/crc/install/intel/2017.1.132/compilers_and_libraries_2017.1.132/linux/compiler/lib/intel64_lin] ==> [/ihome/crc/install/intel/2017.1.132/compilers_and_libraries_2017.1.132/linux/compiler/lib/intel64_lin]
  collapse library dir [/ihome/crc/install/intel/2017.1.132/compilers_and_libraries_2017.1.132/linux/mkl/lib/intel64_lin] ==> [/ihome/crc/install/intel/2017.1.132/compilers_and_libraries_2017.1.132/linux/mkl/lib/intel64_lin]
  collapse library dir [/ihome/crc/install/intel/2017.1.132/compilers_and_libraries_2017.1.132/linux/tbb/lib/intel64/gcc4.7] ==> [/ihome/crc/install/intel/2017.1.132/compilers_and_libraries_2017.1.132/linux/tbb/lib/intel64/gcc4.7]
  collapse library dir [/ihome/crc/install/intel/2017.1.132/compilers_and_libraries_2017.1.132/linux/daal/lib/intel64_lin] ==> [/ihome/crc/install/intel/2017.1.132/compilers_and_libraries_2017.1.132/linux/daal/lib/intel64_lin]
  collapse library dir [/ihome/crc/install/intel/2017.1.132/compilers_and_libraries_2017.1.132/linux/ipp/lib/intel64] ==> [/ihome/crc/install/intel/2017.1.132/compilers_and_libraries_2017.1.132/linux/ipp/lib/intel64]
  collapse library dir [/ihome/crc/install/intel/2017.1.132/compilers_and_libraries_2017.1.132/linux/compiler/lib/intel64_lin] ==> [/ihome/crc/install/intel/2017.1.132/compilers_and_libraries_2017.1.132/linux/compiler/lib/intel64_lin]
  collapse library dir [/ihome/crc/install/intel/2017.1.132/compilers_and_libraries_2017.1.132/linux/mkl/lib/intel64_lin] ==> [/ihome/crc/install/intel/2017.1.132/compilers_and_libraries_2017.1.132/linux/mkl/lib/intel64_lin]
  collapse library dir [/ihome/crc/install/intel/2017.1.132/compilers_and_libraries_2017.1.132/linux/tbb/lib/intel64/gcc4.7] ==> [/ihome/crc/install/intel/2017.1.132/compilers_and_libraries_2017.1.132/linux/tbb/lib/intel64/gcc4.7]
  collapse library dir [/ihome/crc/install/intel/2017.1.132/compilers_and_libraries_2017.1.132/linux/daal/lib/intel64_lin] ==> [/ihome/crc/install/intel/2017.1.132/compilers_and_libraries_2017.1.132/linux/daal/lib/intel64_lin]
  collapse library dir [/ihome/crc/install/intel/2017.1.132/compilers_and_libraries_2017.1.132/linux/tbb/lib/intel64_lin/gcc4.4] ==> [/ihome/crc/install/intel/2017.1.132/compilers_and_libraries_2017.1.132/linux/tbb/lib/intel64_lin/gcc4.4]
  collapse library dir [/ihome/kjordan/thc9/fermi/Development/ARPACK/lib] ==> [/ihome/kjordan/thc9/fermi/Development/ARPACK/lib]
  collapse library dir [/usr/lib/gcc/x86_64-redhat-linux/4.8.5/../../..] ==> [/usr/lib]
  implicit libs: [gfortran;m;quadmath;m;c]
  implicit dirs: [/usr/lib/gcc/x86_64-redhat-linux/4.8.5;/usr/lib64;/lib64;/ihome/crc/install/intel-2017.1.132/ARPACK/lib;/ihome/crc/install/intel-2017.1.132/intel-mpi-2017.1.132/fftw/3.3.5/lib;/ihome/crc/install/intel/2017.1.132/compilers_and_libraries_2017.1.132/linux/ipp/lib/intel64;/ihome/crc/install/intel/2017.1.132/compilers_and_libraries_2017.1.132/linux/compiler/lib/intel64_lin;/ihome/crc/install/intel/2017.1.132/compilers_and_libraries_2017.1.132/linux/mkl/lib/intel64_lin;/ihome/crc/install/intel/2017.1.132/compilers_and_libraries_2017.1.132/linux/tbb/lib/intel64/gcc4.7;/ihome/crc/install/intel/2017.1.132/compilers_and_libraries_2017.1.132/linux/daal/lib/intel64_lin;/ihome/crc/install/intel/2017.1.132/compilers_and_libraries_2017.1.132/linux/tbb/lib/intel64_lin/gcc4.4;/ihome/kjordan/thc9/fermi/Development/ARPACK/lib;/usr/lib]
  implicit fwks: []


Determining if the Fortran compiler supports Fortran 90 passed with the following output:
Change Dir: /ihome/kjordan/thc9/fermi/Development/smp_local/pisces/CMakeFiles/CMakeTmp

Run Build Command:"/usr/bin/gmake" "cmTC_dd259/fast"
/usr/bin/gmake -f CMakeFiles/cmTC_dd259.dir/build.make CMakeFiles/cmTC_dd259.dir/build
gmake[1]: Entering directory `/ihome/kjordan/thc9/fermi/Development/smp_local/pisces/CMakeFiles/CMakeTmp'
Building Fortran object CMakeFiles/cmTC_dd259.dir/testFortranCompilerF90.f90.o
/usr/bin/gfortran     -c /ihome/kjordan/thc9/fermi/Development/smp_local/pisces/CMakeFiles/CMakeTmp/testFortranCompilerF90.f90 -o CMakeFiles/cmTC_dd259.dir/testFortranCompilerF90.f90.o
Linking Fortran executable cmTC_dd259
/ihome/crc/install/cmake/3.7.1/bin/cmake -E cmake_link_script CMakeFiles/cmTC_dd259.dir/link.txt --verbose=1
/usr/bin/gfortran       CMakeFiles/cmTC_dd259.dir/testFortranCompilerF90.f90.o  -o cmTC_dd259  
gmake[1]: Leaving directory `/ihome/kjordan/thc9/fermi/Development/smp_local/pisces/CMakeFiles/CMakeTmp'


